[fieldOrder(0)]
Ha                           1
Automatic                    0
CROP                         W2____00
SowDate(0)                   26-09-1991
SowCrop(0)                   W2
SowAmount(0)                  160 
CROP                         G2____00
TillageDate(0)               17-09-1991
TillageType(0)               PLOUGH
TillageDepth(0)               25 
HarvestDate(0)               07-08-1992
HarvestRemoveStraw(0)         1 
FertilizerDate(0)            13-04-1992
FertilizerType(0)            PIG-SLURRY-STORED
ManureAmount(0)              24
OrganicNitrogen(0)            1.04166666666667E-03 
AmmoniumContent(0)            1.79166674613953E-03 
DryMatter(0)                  2.59999990463257E-02 
FertilizerDate(1)            21-04-1992
FertilizerType(1)            MINERAL
FertilizerN(1)               40.9999990463257
NH4_fraction(1)              0.5
FertilizerN15(1)             0
MineralForm(1)               SOLID
[end]
