[fieldOrder(0)]
Ha                           1
Automatic                    0
CROP                         B2____00
SowDate(0)                   15-04-1997
SowCrop(0)                   B2
SowAmount(0)                  170 
SowDate(1)                   16-04-1997
SowCrop(1)                   G1
SowAmount(1)                  8 
TillageDate(0)               01-04-1997
TillageType(0)               ROTOVATE
TillageDepth(0)               7 
TillageDate(1)               11-04-1997
TillageType(1)               PLOUGH
TillageDepth(1)               21 
TillageDate(2)               14-04-1997
TillageType(2)               HARROW
TillageDepth(2)               10 
HarvestDate(0)               19-08-1997
HarvestRemoveStraw(0)         1 
CuttingDate(0)               15-08-1996
RemoveStraw(0)                1 
CuttingDate(1)               07-10-1996
RemoveStraw(1)                1 
[end]
