[fieldOrder(0)]
Automatic	1
Ha                           1
Automatic                    0
CROP                         PO____00
SowDate(0)                   11/09/2006
SowCrop(0)                   RY
SowAmount(0)                  40 
SowDate(1)                   11/09/2006
SowCrop(1)                   HV
SowAmount(1)                  15 
SowDate(2)                   11/09/2006
SowCrop(2)                   OR
SowAmount(2)                  5 
SowDate(3)                   24/04/2007
SowCrop(3)                   PO
SowAmount(3)                  500 
TillageDate(0)               24/08/2006
TillageType(0)               HARROW
TillageDepth(0)               12 
TillageDate(1)               11/09/2006
TillageType(1)               HARROW
TillageDepth(1)               12 
TillageDate(2)               28/11/2006
TillageType(2)               PLOUGH
TillageDepth(2)               22 
TillageDate(3)               29/03/2007
TillageType(3)               HARROW
TillageDate(4)               16/04/2007
TillageType(4)               HARROW
TillageDepth(4)               13 
HarvestDate(0)               06/09/2007
HarvestRemoveStraw(0)         0 
FertilizerDate(0)            03/04/2007
FertilizerType(0)            CATTLE-FYM
ManureAmount(0)              0.6
OrganicNitrogen(0)            1.66666669150194E-03 
AmmoniumContent(0)            1.16666664679845E-02 
DryMatter(0)                  0.935599975585938 
OrganicCarbon(0)              1.57166669766108E-02 
FertilizerDate(1)            11/04/2007
FertilizerType(1)            PIG-SLURRY-STORED
ManureAmount(1)              23
OrganicNitrogen(1)            1.46521734154743E-03 
AmmoniumContent(1)            3.43043472455895E-03 
DryMatter(1)                  2.97499990463257E-02 
[end]
