[fieldOrder(0)]
Automatic	1
Ha                           1
Automatic                    0
CROP                         PO____00
SowDate(0)                   11/04/2007
SowCrop(0)                   PO
SowAmount(0)                  500 
TillageDate(0)               02/03/2007
TillageType(0)               ROTOVATE
TillageDate(1)               01/04/2007
TillageType(1)               PLOUGH
TillageDepth(1)               22 
TillageDate(2)               04/04/2007
TillageType(2)               HARROW
TillageDepth(2)               9 
IrrigationDate(0)            07/06/2007
IrrigationAmount(0)           15 
IrrigationNcontent(0)        0.000200
IrrigationDate(1)            18/06/2007
IrrigationAmount(1)           18 
IrrigationNcontent(1)        0.000200
HarvestDate(0)               23/08/2007
HarvestRemoveStraw(0)         0 
FertilizerDate(0)            04/04/2007
FertilizerType(0)            MINERAL
FertilizerN(0)               140
NH4_fraction(0)              0.639999985694885
FertilizerN15(0)             0
MineralForm(0)               SOLID
[end]
