[fieldOrder(0)]
Ha                           1
Automatic                    0
CROP                         W2____00
SowDate(0)                   08-10-1991
SowCrop(0)                   W2
SowAmount(0)                  160 
CROP                         G2____00
TillageDate(0)               07-10-1991
TillageType(0)               PLOUGH
TillageDepth(0)               25 
HarvestDate(0)               05-08-1992
HarvestRemoveStraw(0)         1 
CuttingDate(0)               28-08-1991
RemoveStraw(0)                1 
CuttingHeight(0)              0.100000001490116 
FertilizerDate(0)            26-03-1992
FertilizerType(0)            MINERAL
FertilizerN(0)               167.999992370605
NH4_fraction(0)              0.5
FertilizerN15(0)             0
MineralForm(0)               SOLID
[end]
