[fieldOrder(0)]
Ha                           1
Automatic                    0
CROP                         B2____00
SowDate(0)                   24-04-1992
SowCrop(0)                   B2
SowAmount(0)                  160 
SowDate(1)                   24-04-1992
SowCrop(1)                   C1
SowAmount(1)                  15 
SowDate(2)                   24-04-1992
SowCrop(2)                   G1
SowAmount(2)                  5 
CROP                         G2____00
TillageDate(0)               15-11-1991
TillageType(0)               PLOUGH
TillageDepth(0)               25 
HarvestDate(0)               20-07-1992
HarvestRemoveStraw(0)         1 
FertilizerDate(0)            13-04-1992
FertilizerType(0)            MINERAL
FertilizerN(0)               41.9999980926514
NH4_fraction(0)              0.5
FertilizerN15(0)             0
MineralForm(0)               SOLID
FertilizerDate(1)            22-04-1992
FertilizerType(1)            CATTLE-SLURRY-STORED
ManureAmount(1)              35
OrganicNitrogen(1)            1.28571428571429E-03 
AmmoniumContent(1)            2.08571434020996E-03 
DryMatter(1)                  0.07 
[end]
