[fieldOrder(0)]
Ha                           1
Automatic                    0
CROP                         B2____00
SowDate(0)                   30/08/2005
SowCrop(0)                   RY
SowAmount(0)                  40 
SowDate(1)                   30/08/2005
SowCrop(1)                   HV
SowAmount(1)                  20 
SowDate(2)                   30/08/2005
SowCrop(2)                   RW
SowAmount(2)                  2 
SowDate(3)                   10/04/2006
SowCrop(3)                   B2
SowAmount(3)                  138 
SowDate(4)                   24/05/2006
SowCrop(4)                   G1
SowAmount(4)                  15.3000001907349 
SowDate(5)                   24/05/2006
SowCrop(5)                   C1
SowAmount(5)                  5.69999980926514 
TillageDate(0)               29/08/2005
TillageType(0)               HARROW
TillageDate(1)               20/03/2006
TillageType(1)               ROTOVATE
TillageDepth(1)               5 
TillageDate(2)               29/03/2006
TillageType(2)               PLOUGH
TillageDepth(2)               22 
TillageDate(3)               09/04/2006
TillageType(3)               SEED BED PREP
TillageDepth(3)               5 
TillageDate(4)               18/04/2006
TillageType(4)               HARROW
IrrigationDate(0)            09/06/2006
IrrigationAmount(0)           14 
IrrigationNcontent(0)        0.000200
IrrigationDate(1)            10/06/2006
IrrigationAmount(1)           14 
IrrigationNcontent(1)        0.000200
IrrigationDate(2)            15/06/2006
IrrigationAmount(2)           27 
IrrigationNcontent(2)        0.000200
IrrigationDate(3)            28/06/2006
IrrigationAmount(3)           13 
IrrigationNcontent(3)        0.000200
IrrigationDate(4)            04/07/2006
IrrigationAmount(4)           28 
IrrigationNcontent(4)        0.000200
IrrigationDate(5)            08/07/2006
IrrigationAmount(5)           19 
IrrigationNcontent(5)        0.000200
IrrigationDate(6)            19/07/2006
IrrigationAmount(6)           17 
IrrigationNcontent(6)        0.000200
HarvestDate(0)               05/08/2006
HarvestRemoveStraw(0)         0 
CuttingDate(0)               16/08/2005
RemoveStraw(0)                0 
CuttingHeight(0)              5 
FertilizerDate(0)            04/04/2006
FertilizerType(0)            CATTLE-FYM
ManureAmount(0)              0.03
OrganicNitrogen(0)            3.33333325882753E-03 
DryMatter(0)                  0.98 
FertilizerDate(1)            05/04/2006
FertilizerType(1)            PIG-SLURRY-STORED
ManureAmount(1)              13
OrganicNitrogen(1)            4.66923090127798E-03 
DryMatter(1)                  2.90000009536743E-02 
[end]
