[fieldOrder(0)]
Ha                           1
Automatic                    0
CROP                         B2____00
SowDate(0)                   28-03-1992
SowCrop(0)                   B2
SowAmount(0)                  160 
CROP                         G2____00
TillageDate(0)               15-11-1991
TillageType(0)               PLOUGH
TillageDepth(0)               25 
HarvestDate(0)               29-07-1992
HarvestRemoveStraw(0)         1 
FertilizerDate(0)            08-04-1992
FertilizerType(0)            MINERAL
FertilizerN(0)               43.0000019073486
NH4_fraction(0)              0.5
FertilizerN15(0)             0
MineralForm(0)               SOLID
FertilizerDate(1)            09-04-1992
FertilizerType(1)            MINERAL
FertilizerN(1)               60.9999990463257
NH4_fraction(1)              0.5
FertilizerN15(1)             0
MineralForm(1)               SOLID
[end]
