[fieldOrder(0)]
Ha                           1
Automatic                    0
CROP                         B2____00
SowDate(0)                   13/04/2007
SowCrop(0)                   B2
SowAmount(0)                  166 
TillageDate(0)               28/11/2006
TillageType(0)               PLOUGH
TillageDepth(0)               22 
TillageDate(1)               29/03/2007
TillageType(1)               HARROW
TillageDate(2)               12/04/2007
TillageType(2)               HARROW
TillageDepth(2)               11 
HarvestDate(0)               27/08/2007
HarvestRemoveStraw(0)         0 
FertilizerDate(0)            04/04/2007
FertilizerType(0)            MINERAL
FertilizerN(0)               128.500003814697
NH4_fraction(0)              0.490000009536743
FertilizerN15(0)             0
MineralForm(0)               SOLID
[end]
